Arguments: 
  /usr/local/bin/node /usr/local/Cellar/yarn/1.10.1/libexec/bin/yarn.js

PATH: 
  /usr/local/bin:/Users/LuckyP/Library/Android/sdk/build-tools/19.1.0:/usr/local/bin:/usr/bin:/bin:/usr/sbin:/sbin:/Library/TeX/texbin:/Applications/Wireshark.app/Contents/MacOS:usr/local/bin:/Users/LuckyP/anaconda/bin:/Users/LuckyP/ant/bin:/Users/lucaspelloni/Library/Android/sdk/emulator:/Users/lucaspelloni/Library/Android/sdk/tools:/Users/lucaspelloni/Library/Android/sdk/tools/bin:/Users/lucaspelloni/Library/Android/sdk/platform-tools

Yarn version: 
  1.10.1

Node version: 
  10.16.0

Platform: 
  darwin x64

Trace: 
  Error: EACCES: permission denied, mkdir '/Users/lucaspelloni/Desktop/GitHub/axelra/sbhack-backend-axelra/node_modules/@google/maps/node_modules'

npm manifest: 
  {
    "name": "sbhack-backend-axelra",
    "version": "1.0.0",
    "main": "server.js",
    "dependencies": {
      "body-parser": "^1.19.0",
      "dotenv": "8.0.0",
      "dotenv-expand": "^5.1.0",
      "dotenv-extended": "^2.4.0",
      "express": "^4.16.4",
      "method-override": "^3.0.0",
      "morgan": "^1.9.1",
      "path": "^0.12.7",
      "prettier": "^1.18.2",
      "mongoose": "^5.6.0",
      "@google/maps": "^0.5.5",
      "spherical-geometry-js": "^1.4.0",
      "solc": "0.4.24",
      "web3": "1.0.0-beta.37"
    },
    "scripts": {
      "start": "npm run server",
      "server": "pm2 start runserver.json && pm2 flush && pm2 log axelra-backend",
      "deploy": "cross-env ETH_NETWORK=ganache node --experimental-modules smartcontracts/deployment/deployment-script.mjs",
      "dev": "cross-env ETH_NETWORK=ganache nodemon --exec \"node --experimental-modules\" dev-script.mjs"
    },
    "devDependencies": {
      "cross-env": "^5.2.0",
      "dotenv": "latest",
      "nodemon": "^1.18.10"
    }
  }

yarn manifest: 
  No manifest

Lockfile: 
  # THIS IS AN AUTOGENERATED FILE. DO NOT EDIT THIS FILE DIRECTLY.
  # yarn lockfile v1
